<?xml version="1.0" encoding="UTF-8"?>
<!-- Generated by org.testng.reporters.JUnitXMLReporter -->
<testsuite ignored="0" hostname="JoyChowdhury" failures="1" tests="2" name="Test" time="0.19" errors="0" timestamp="2024-12-17T14:09:24 IST">
  <testcase classname="Allurereport.TestAllure.Testcase1" name="firstTestmethod" time="0.081">
    <failure type="java.lang.AssertionError" message="expected [true] but found [false]">
      <![CDATA[java.lang.AssertionError: expected [true] but found [false]
at Allurereport.TestAllure.Testcase1.firstTestmethod(Testcase1.java:11)
at java.base/java.util.ArrayList.forEach(ArrayList.java:1597)
... Removed 29 stack frames]]>
    </failure>
  </testcase> <!-- firstTestmethod -->
  <testcase classname="Allurereport.TestAllure.Testcase2" name="SecondTestmethod" time="0.004"/>
</testsuite> <!-- Test -->
